

*******************************************************************************
Sat Mar 14 18:12:21 2020


FIT:    data read from 'burbuja.dat'
        format = z
        #datapoints = 25
        residuals are weighted equally (unit weight)

function used for fitting: f(x)
	f(x) = f*x**2
fitted parameters initialized with current variable values

iter      chisq       delta/lim  lambda   f            
   0 5.5133311698e+20   0.00e+00  4.70e+09    1.000000e+00
   5 7.0894728677e-01  -4.23e-10  4.70e+04    2.734869e-09

After 5 iterations the fit converged.
final sum of squares of residuals : 0.708947
rel. change during last iteration : -4.22824e-15

degrees of freedom    (FIT_NDF)                        : 24
rms of residuals      (FIT_STDFIT) = sqrt(WSSR/ndf)    : 0.171871
variance of residuals (reduced chisquare) = WSSR/ndf   : 0.0295395

Final set of parameters            Asymptotic Standard Error
=======================            ==========================
f               = 2.73487e-09      +/- 7.32e-12     (0.2676%)


*******************************************************************************
Sat Mar 14 18:12:35 2020


FIT:    data read from 'burbuja.dat'
        format = z
        #datapoints = 25
        residuals are weighted equally (unit weight)

function used for fitting: g(x)
	g(x) = a*x**2+b*x+c
fitted parameters initialized with current variable values

iter      chisq       delta/lim  lambda   a             b             c            
   0 5.5134663725e+20   0.00e+00  2.71e+09    1.000000e+00   1.000000e+00   1.000000e+00
  13 5.8957362679e-01  -2.96e-05  2.71e-04    2.689173e-09   6.459227e-06  -2.089437e-01

After 13 iterations the fit converged.
final sum of squares of residuals : 0.589574
rel. change during last iteration : -2.96169e-10

degrees of freedom    (FIT_NDF)                        : 22
rms of residuals      (FIT_STDFIT) = sqrt(WSSR/ndf)    : 0.163703
variance of residuals (reduced chisquare) = WSSR/ndf   : 0.0267988

Final set of parameters            Asymptotic Standard Error
=======================            ==========================
a               = 2.68917e-09      +/- 4.41e-11     (1.64%)
b               = 6.45923e-06      +/- 4.725e-06    (73.15%)
c               = -0.208944        +/- 0.1066       (51.04%)

correlation matrix of the fit parameters:
                a      b      c      
a               1.000 
b              -0.971  1.000 
c               0.774 -0.884  1.000 


*******************************************************************************
Sun Mar 15 11:12:04 2020


FIT:    data read from "quicksort.dat"
        format = z
        #datapoints = 25
        residuals are weighted equally (unit weight)

function used for fitting: f(x)
	f(x) = a*x*log(x)
fitted parameters initialized with current variable values

iter      chisq       delta/lim  lambda   a            
   0 6.7039788215e+18   0.00e+00  5.18e+08    1.000000e+00
   5 3.0806354234e-01  -1.80e-10  5.18e+05    1.036945e-08

After 5 iterations the fit converged.
final sum of squares of residuals : 0.308064
rel. change during last iteration : -1.80194e-15

degrees of freedom    (FIT_NDF)                        : 24
rms of residuals      (FIT_STDFIT) = sqrt(WSSR/ndf)    : 0.113296
variance of residuals (reduced chisquare) = WSSR/ndf   : 0.012836

Final set of parameters            Asymptotic Standard Error
=======================            ==========================
a               = 1.03694e-08      +/- 4.376e-11    (0.422%)


*******************************************************************************
Sun Mar 15 11:12:11 2020


FIT:    data read from "quicksort.dat"
        format = z
        #datapoints = 25
        residuals are weighted equally (unit weight)

function used for fitting: g(x)
	g(x) = b*x
fitted parameters initialized with current variable values

iter      chisq       delta/lim  lambda   b            
   0 2.2099992020e+16   0.00e+00  2.97e+07    1.000000e+00
   5 7.1321390299e-01   0.00e+00  2.97e+10    1.805526e-07

After 5 iterations the fit converged.
final sum of squares of residuals : 0.713214
rel. change during last iteration : 0

degrees of freedom    (FIT_NDF)                        : 24
rms of residuals      (FIT_STDFIT) = sqrt(WSSR/ndf)    : 0.172387
variance of residuals (reduced chisquare) = WSSR/ndf   : 0.0297172

Final set of parameters            Asymptotic Standard Error
=======================            ==========================
b               = 1.80553e-07      +/- 1.16e-09     (0.6423%)
