

*******************************************************************************
Thu Apr  9 21:40:10 2020


FIT:    data read from 'Datos/ElementosRepetidosFB.dat'
        format = z
        #datapoints = 86
        residuals are weighted equally (unit weight)

function used for fitting: f(x)
	f(x) = a0*x*x+a1*x+a2
fitted parameters initialized with current variable values

iter      chisq       delta/lim  lambda   a0            a1            a2           
   0 4.1046741957e+18   0.00e+00  1.26e+08    1.000000e+00   1.000000e+00   1.000000e+00
  12 4.3182247259e-04   0.00e+00  1.26e+10    2.044657e-09   1.317465e-07   6.588301e-05

After 12 iterations the fit converged.
final sum of squares of residuals : 0.000431822
rel. change during last iteration : 0

degrees of freedom    (FIT_NDF)                        : 83
rms of residuals      (FIT_STDFIT) = sqrt(WSSR/ndf)    : 0.00228094
variance of residuals (reduced chisquare) = WSSR/ndf   : 5.20268e-06

Final set of parameters            Asymptotic Standard Error
=======================            ==========================
a0              = 2.04466e-09      +/- 5.257e-12    (0.2571%)
a1              = 1.31747e-07      +/- 1.174e-07    (89.07%)
a2              = 6.5883e-05       +/- 0.0004113    (624.3%)

correlation matrix of the fit parameters:
                a0     a1     a2     
a0              1.000 
a1             -0.965  1.000 
a2              0.550 -0.683  1.000 


*******************************************************************************
Thu Apr  9 21:40:19 2020


FIT:    data read from 'Datos/ElementosRepetidosDyV.dat'
        format = z
        #datapoints = 86
        residuals are weighted equally (unit weight)

function used for fitting: f(x)
	f(x) = a0*x*log(x)+a1
fitted parameters initialized with current variable values

iter      chisq       delta/lim  lambda   a0            a1           
   0 1.0348328903e+12   0.00e+00  7.76e+04    1.000000e+00   1.000000e-01
   9 4.5390498080e-05  -8.52e-04  7.76e-05    2.868272e-07   1.040651e-03

After 9 iterations the fit converged.
final sum of squares of residuals : 4.53905e-05
rel. change during last iteration : -8.52344e-09

degrees of freedom    (FIT_NDF)                        : 84
rms of residuals      (FIT_STDFIT) = sqrt(WSSR/ndf)    : 0.000735094
variance of residuals (reduced chisquare) = WSSR/ndf   : 5.40363e-07

Final set of parameters            Asymptotic Standard Error
=======================            ==========================
a0              = 2.86827e-07      +/- 9.819e-10    (0.3423%)
a1              = 0.00104065       +/- 0.0001077    (10.35%)

correlation matrix of the fit parameters:
                a0     a1     
a0              1.000 
a1             -0.677  1.000 


*******************************************************************************
Thu Apr  9 21:40:19 2020


FIT:    data read from 'Datos/ElementosRepetidosDyV.dat'
        format = z
        #datapoints = 86
        residuals are weighted equally (unit weight)

function used for fitting: f(x)
	f(x) = a0*x*log(x)+a1
fitted parameters initialized with current variable values

iter      chisq       delta/lim  lambda   a0            a1           
   0 4.5390498080e-05   0.00e+00  2.23e-02    2.868272e-07   1.040651e-03
   1 4.5390498080e-05  -2.69e-10  2.23e-03    2.868272e-07   1.040651e-03

After 1 iterations the fit converged.
final sum of squares of residuals : 4.53905e-05
rel. change during last iteration : -2.68719e-15

degrees of freedom    (FIT_NDF)                        : 84
rms of residuals      (FIT_STDFIT) = sqrt(WSSR/ndf)    : 0.000735094
variance of residuals (reduced chisquare) = WSSR/ndf   : 5.40363e-07

Final set of parameters            Asymptotic Standard Error
=======================            ==========================
a0              = 2.86827e-07      +/- 9.819e-10    (0.3423%)
a1              = 0.00104065       +/- 0.0001077    (10.35%)

correlation matrix of the fit parameters:
                a0     a1     
a0              1.000 
a1             -0.677  1.000 


*******************************************************************************
Thu Apr  9 21:40:34 2020


FIT:    data read from 'Datos/matrizTraspuestaFB.dat'
        format = z
        #datapoints = 14
        residuals are weighted equally (unit weight)

function used for fitting: f(x)
	f(x) = a0*x*x+a1*x+a2
fitted parameters initialized with current variable values

iter      chisq       delta/lim  lambda   a0            a1            a2           
   0 7.6871483640e+16   0.00e+00  4.28e+07    1.000000e+00   1.000000e+00   1.000000e+00
  11 2.2124731017e-02  -2.50e-04  4.28e-04    2.915120e-08  -7.389251e-05   1.874776e-02

After 11 iterations the fit converged.
final sum of squares of residuals : 0.0221247
rel. change during last iteration : -2.50294e-09

degrees of freedom    (FIT_NDF)                        : 11
rms of residuals      (FIT_STDFIT) = sqrt(WSSR/ndf)    : 0.044848
variance of residuals (reduced chisquare) = WSSR/ndf   : 0.00201134

Final set of parameters            Asymptotic Standard Error
=======================            ==========================
a0              = 2.91512e-08      +/- 6.146e-10    (2.108%)
a1              = -7.38925e-05     +/- 9.537e-06    (12.91%)
a2              = 0.0187478        +/- 0.01468      (78.3%)

correlation matrix of the fit parameters:
                a0     a1     a2     
a0              1.000 
a1             -0.960  1.000 
a2              0.389 -0.493  1.000 


*******************************************************************************
Thu Apr  9 21:40:34 2020


FIT:    data read from 'Datos/matrizTraspuestaFB_O2.dat'
        format = z
        #datapoints = 14
        residuals are weighted equally (unit weight)

function used for fitting: g(x)
	g(x) = b0*x*x+b1*x+b2
fitted parameters initialized with current variable values

iter      chisq       delta/lim  lambda   b0            b1            b2           
   0 7.6871484167e+16   0.00e+00  4.28e+07    1.000000e+00   1.000000e+00   1.000000e+00
  11 1.4364775568e-03  -3.95e-03  4.28e-04    2.326349e-08  -3.534779e-05   6.231892e-03

After 11 iterations the fit converged.
final sum of squares of residuals : 0.00143648
rel. change during last iteration : -3.95405e-08

degrees of freedom    (FIT_NDF)                        : 11
rms of residuals      (FIT_STDFIT) = sqrt(WSSR/ndf)    : 0.0114275
variance of residuals (reduced chisquare) = WSSR/ndf   : 0.000130589

Final set of parameters            Asymptotic Standard Error
=======================            ==========================
b0              = 2.32635e-08      +/- 1.566e-10    (0.6732%)
b1              = -3.53478e-05     +/- 2.43e-06     (6.875%)
b2              = 0.00623189       +/- 0.00374      (60.02%)

correlation matrix of the fit parameters:
                b0     b1     b2     
b0              1.000 
b1             -0.960  1.000 
b2              0.389 -0.493  1.000 


*******************************************************************************
Thu Apr  9 21:40:43 2020


FIT:    data read from 'Datos/matrizTraspuestaDyV.dat'
        format = z
        #datapoints = 14
        residuals are weighted equally (unit weight)

function used for fitting: f(x)
	f(x) = a0*x**2*log(x)+a1
fitted parameters initialized with current variable values

iter      chisq       delta/lim  lambda   a0            a1           
   0 7.1718054981e+18   0.00e+00  5.06e+08    1.000000e+00   1.000000e-01
   5 1.2157626059e-01  -9.66e-06  5.06e+03    4.158445e-09   1.000000e-01

After 5 iterations the fit converged.
final sum of squares of residuals : 0.121576
rel. change during last iteration : -9.65765e-11

degrees of freedom    (FIT_NDF)                        : 12
rms of residuals      (FIT_STDFIT) = sqrt(WSSR/ndf)    : 0.100655
variance of residuals (reduced chisquare) = WSSR/ndf   : 0.0101314

Final set of parameters            Asymptotic Standard Error
=======================            ==========================
a0              = 4.15844e-09      +/- 3.994e-11    (0.9605%)
a1              = 0.1              +/- 0.02859      (28.59%)

correlation matrix of the fit parameters:
                a0     a1     
a0              1.000 
a1             -0.338  1.000 


*******************************************************************************
Thu Apr  9 21:40:43 2020


FIT:    data read from 'Datos/matrizTraspuestaDyV.dat'
        format = z
        #datapoints = 14
        residuals are weighted equally (unit weight)

function used for fitting: f(x)
	f(x) = a0*x**2*log(x)+a1
fitted parameters initialized with current variable values

iter      chisq       delta/lim  lambda   a0            a1           
   0 1.2157626059e-01   0.00e+00  2.11e+00    4.158445e-09   1.000000e-01
   5 2.8154641374e-04  -4.30e-08  2.11e-05    4.205207e-09   1.085312e-03

After 5 iterations the fit converged.
final sum of squares of residuals : 0.000281546
rel. change during last iteration : -4.29951e-13

degrees of freedom    (FIT_NDF)                        : 12
rms of residuals      (FIT_STDFIT) = sqrt(WSSR/ndf)    : 0.00484378
variance of residuals (reduced chisquare) = WSSR/ndf   : 2.34622e-05

Final set of parameters            Asymptotic Standard Error
=======================            ==========================
a0              = 4.20521e-09      +/- 1.922e-12    (0.04571%)
a1              = 0.00108531       +/- 0.001376     (126.8%)

correlation matrix of the fit parameters:
                a0     a1     
a0              1.000 
a1             -0.338  1.000 


*******************************************************************************
Thu Apr  9 21:40:43 2020


FIT:    data read from 'Datos/matrizTraspuestaDyV_O2.dat'
        format = z
        #datapoints = 14
        residuals are weighted equally (unit weight)

function used for fitting: g(x)
	g(x) = b0*x**2*log(x)+b1
fitted parameters initialized with current variable values

iter      chisq       delta/lim  lambda   b0            b1           
   0 7.1718055482e+18   0.00e+00  5.06e+08    1.000000e+00   1.000000e-01
   5 1.2246561433e-01  -9.64e-06  5.06e+03    6.649058e-10   1.000000e-01

After 5 iterations the fit converged.
final sum of squares of residuals : 0.122466
rel. change during last iteration : -9.63953e-11

degrees of freedom    (FIT_NDF)                        : 12
rms of residuals      (FIT_STDFIT) = sqrt(WSSR/ndf)    : 0.101022
variance of residuals (reduced chisquare) = WSSR/ndf   : 0.0102055

Final set of parameters            Asymptotic Standard Error
=======================            ==========================
b0              = 6.64906e-10      +/- 4.009e-11    (6.029%)
b1              = 0.1              +/- 0.02869      (28.69%)

correlation matrix of the fit parameters:
                b0     b1     
b0              1.000 
b1             -0.338  1.000 


*******************************************************************************
Thu Apr  9 21:40:43 2020


FIT:    data read from 'Datos/matrizTraspuestaDyV_O2.dat'
        format = z
        #datapoints = 14
        residuals are weighted equally (unit weight)

function used for fitting: g(x)
	g(x) = b0*x**2*log(x)+b1
fitted parameters initialized with current variable values

iter      chisq       delta/lim  lambda   b0            b1           
   0 1.2246561433e-01   0.00e+00  3.44e-01    6.649058e-10   1.000000e-01
   4 5.1351213132e-04  -4.71e-06  3.44e-05    7.117950e-10   8.176278e-04

After 4 iterations the fit converged.
final sum of squares of residuals : 0.000513512
rel. change during last iteration : -4.71495e-11

degrees of freedom    (FIT_NDF)                        : 12
rms of residuals      (FIT_STDFIT) = sqrt(WSSR/ndf)    : 0.00654161
variance of residuals (reduced chisquare) = WSSR/ndf   : 4.27927e-05

Final set of parameters            Asymptotic Standard Error
=======================            ==========================
b0              = 7.11795e-10      +/- 2.596e-12    (0.3647%)
b1              = 0.000817628      +/- 0.001858     (227.2%)

correlation matrix of the fit parameters:
                b0     b1     
b0              1.000 
b1             -0.338  1.000 
